2025-10-25 18:22:41,413 - ModelDownloader - INFO - 开始下载模型: LiquidAI/LFM2-1.2B
2025-10-25 18:22:41,413 - ModelDownloader - INFO - 目标目录: models\LiquidAI_LFM2-1.2B
2025-10-25 18:22:41,414 - ModelDownloader - INFO - 下载尝试 1/3
2025-10-25 18:27:05,024 - ModelDownloader - INFO - 模型下载完成: E:\AI\RAG_system\models\LiquidAI_LFM2-1.2B
2025-10-25 18:27:05,024 - ModelDownloader - INFO - 模型完整性验证通过
2025-10-25 18:27:05,025 - ModelDownloader - INFO - 模型完整性验证通过
2025-10-25 18:28:48,147 - ModelDownloader - INFO - 开始下载模型: LiquidAI/LFM2-1.2B
2025-10-25 18:28:48,147 - ModelDownloader - INFO - 目标目录: models\LiquidAI_LFM2-1.2B
2025-10-25 18:28:48,148 - ModelDownloader - INFO - 下载尝试 1/3
2025-10-25 18:31:31,303 - ModelDownloader - INFO - 模型下载完成: E:\AI\RAG_system\models\LiquidAI_LFM2-1.2B
2025-10-25 18:31:31,303 - ModelDownloader - INFO - 模型完整性验证通过
2025-10-25 18:31:31,303 - ModelDownloader - INFO - 模型完整性验证通过
2025-10-25 18:32:06,041 - ModelDownloader - INFO - 开始下载模型: LiquidAI/LFM2-1.2B
2025-10-25 18:32:06,041 - ModelDownloader - INFO - 目标目录: models\LiquidAI_LFM2-1.2B
2025-10-25 18:32:06,041 - ModelDownloader - INFO - 下载尝试 1/3
2025-10-25 18:35:54,424 - ModelDownloader - INFO - 模型下载完成: E:\AI\RAG_system\models\LiquidAI_LFM2-1.2B
2025-10-25 18:35:54,424 - ModelDownloader - INFO - 模型完整性验证通过
2025-10-25 18:35:54,424 - ModelDownloader - INFO - 模型完整性验证通过
2025-10-25 18:40:52,687 - ModelDownloader - INFO - 开始下载模型: LiquidAI/LFM2-1.2B
2025-10-25 18:40:52,687 - ModelDownloader - INFO - 目标目录: models\LiquidAI_LFM2-1.2B
2025-10-25 18:40:52,688 - ModelDownloader - INFO - 下载尝试 1/3
2025-10-25 18:44:22,266 - ModelDownloader - INFO - 模型下载完成: E:\AI\RAG_system\models\LiquidAI_LFM2-1.2B
2025-10-25 18:44:22,268 - ModelDownloader - INFO - 模型完整性验证通过
2025-10-25 18:44:22,268 - ModelDownloader - INFO - 模型完整性验证通过
2025-10-25 18:46:25,144 - ModelDownloader - INFO - 开始下载模型: LiquidAI/LFM2-1.2B
2025-10-25 18:46:25,144 - ModelDownloader - INFO - 目标目录: models\LiquidAI_LFM2-1.2B
2025-10-25 18:46:25,145 - ModelDownloader - INFO - 下载尝试 1/3
2025-10-25 18:48:30,074 - ModelDownloader - INFO - 模型下载完成: E:\AI\RAG_system\models\LiquidAI_LFM2-1.2B
2025-10-25 18:48:30,075 - ModelDownloader - INFO - 模型完整性验证通过
2025-10-25 18:48:30,076 - ModelDownloader - INFO - 模型完整性验证通过
2025-10-25 18:52:05,478 - ModelDownloader - INFO - 开始下载模型: LiquidAI/LFM2-1.2B
2025-10-25 18:52:05,478 - ModelDownloader - INFO - 目标目录: models\LiquidAI_LFM2-1.2B
2025-10-25 18:52:05,479 - ModelDownloader - INFO - 下载尝试 1/3
2025-10-25 18:54:42,575 - ModelDownloader - INFO - 模型下载完成: E:\AI\RAG_system\models\LiquidAI_LFM2-1.2B
2025-10-25 18:54:42,576 - ModelDownloader - INFO - 模型完整性验证通过
2025-10-25 18:54:42,576 - ModelDownloader - INFO - 模型完整性验证通过
